<?xml version="1.0" encoding="UTF-8"?>
<!-- Generated by org.testng.reporters.JUnitXMLReporter -->
<testsuite ignored="0" hostname="MacBook-Pro-Svetlana-2.local" failures="0" tests="5" name="Test" time="44.665" errors="0" timestamp="2025-09-21T16:15:20 EST">
  <testcase classname="testCases.TC003_LoginDDT" name="verify_loginDDT" time="1.242"/>
  <testcase classname="testCases.TC003_LoginDDT" name="verify_loginDDT" time="10.491"/>
  <testcase classname="testCases.TC003_LoginDDT" name="verify_loginDDT" time="10.551"/>
  <testcase classname="testCases.TC003_LoginDDT" name="verify_loginDDT" time="10.486"/>
  <testcase classname="testCases.TC003_LoginDDT" name="verify_loginDDT" time="0.949"/>
</testsuite> <!-- Test -->
