<?xml version="1.0" encoding="UTF-8"?>
<testng-results ignored="0" total="2" passed="2" failed="0" skipped="0">
  <reporter-output>
  </reporter-output>
  <suite started-at="2025-09-21T20:47:48 EST" name="Master Suite" finished-at="2025-09-21T20:48:02 EST" duration-ms="13759">
    <groups>
      <group name="regression">
        <method signature="TC001_AccountRegistrationTest.verify_account_registration()[pri:0, instance:testCases.TC001_AccountRegistrationTest@1672fe87]" name="verify_account_registration" class="testCases.TC001_AccountRegistrationTest"/>
      </group> <!-- regression -->
      <group name="sanity">
        <method signature="TC002_LoginTest.verify_login()[pri:0, instance:testCases.TC002_LoginTest@73a8da0f]" name="verify_login" class="testCases.TC002_LoginTest"/>
      </group> <!-- sanity -->
      <group name="master">
        <method signature="TC001_AccountRegistrationTest.verify_account_registration()[pri:0, instance:testCases.TC001_AccountRegistrationTest@1672fe87]" name="verify_account_registration" class="testCases.TC001_AccountRegistrationTest"/>
        <method signature="TC002_LoginTest.verify_login()[pri:0, instance:testCases.TC002_LoginTest@73a8da0f]" name="verify_login" class="testCases.TC002_LoginTest"/>
      </group> <!-- master -->
    </groups>
    <test started-at="2025-09-21T20:47:48 EST" name="Test" finished-at="2025-09-21T20:48:02 EST" duration-ms="13759">
      <class name="testCases.TC002_LoginTest">
        <test-method is-config="true" signature="setup(java.lang.String,java.lang.String)[pri:0, instance:testCases.TC002_LoginTest@73a8da0f]" started-at="2025-09-21T20:47:58 EST" name="setup" finished-at="2025-09-21T20:48:01 EST" duration-ms="3137" status="PASS">
          <params>
            <param index="0">
              <value>
                <![CDATA[MAC]]>
              </value>
            </param>
            <param index="1">
              <value>
                <![CDATA[firefox]]>
              </value>
            </param>
          </params>
          <reporter-output>
          </reporter-output>
        </test-method> <!-- setup -->
        <test-method signature="verify_login()[pri:0, instance:testCases.TC002_LoginTest@73a8da0f]" started-at="2025-09-21T20:48:01 EST" name="verify_login" finished-at="2025-09-21T20:48:01 EST" duration-ms="587" status="PASS">
          <reporter-output>
          </reporter-output>
        </test-method> <!-- verify_login -->
        <test-method is-config="true" signature="tearDown()[pri:0, instance:testCases.TC002_LoginTest@73a8da0f]" started-at="2025-09-21T20:48:01 EST" name="tearDown" finished-at="2025-09-21T20:48:02 EST" duration-ms="578" status="PASS">
          <reporter-output>
          </reporter-output>
        </test-method> <!-- tearDown -->
      </class> <!-- testCases.TC002_LoginTest -->
      <class name="testCases.TC001_AccountRegistrationTest">
        <test-method is-config="true" signature="setup(java.lang.String,java.lang.String)[pri:0, instance:testCases.TC001_AccountRegistrationTest@1672fe87]" started-at="2025-09-21T20:47:48 EST" name="setup" finished-at="2025-09-21T20:47:56 EST" duration-ms="7808" status="PASS">
          <params>
            <param index="0">
              <value>
                <![CDATA[MAC]]>
              </value>
            </param>
            <param index="1">
              <value>
                <![CDATA[firefox]]>
              </value>
            </param>
          </params>
          <reporter-output>
          </reporter-output>
        </test-method> <!-- setup -->
        <test-method signature="verify_account_registration()[pri:0, instance:testCases.TC001_AccountRegistrationTest@1672fe87]" started-at="2025-09-21T20:47:56 EST" name="verify_account_registration" finished-at="2025-09-21T20:47:57 EST" duration-ms="795" status="PASS">
          <reporter-output>
          </reporter-output>
        </test-method> <!-- verify_account_registration -->
        <test-method is-config="true" signature="tearDown()[pri:0, instance:testCases.TC001_AccountRegistrationTest@1672fe87]" started-at="2025-09-21T20:47:57 EST" name="tearDown" finished-at="2025-09-21T20:47:58 EST" duration-ms="700" status="PASS">
          <reporter-output>
          </reporter-output>
        </test-method> <!-- tearDown -->
      </class> <!-- testCases.TC001_AccountRegistrationTest -->
    </test> <!-- Test -->
  </suite> <!-- Master Suite -->
</testng-results>
